<?xml version="1.0" encoding="UTF-8"?>
<testsuite name="com.example.Devops_Project.Devsecops2ApplicationTests" tests="1" skipped="0" failures="0" errors="0" timestamp="2025-03-28T08:07:14.161Z" hostname="MacBook-Pro-de-Theo.local" time="0.41">
  <properties/>
  <testcase name="contextLoads()" classname="com.example.Devops_Project.Devsecops2ApplicationTests" time="0.41"/>
  <system-out><![CDATA[09:07:13.627 [Test worker] INFO org.springframework.test.context.support.AnnotationConfigContextLoaderUtils -- Could not detect default configuration classes for test class [com.example.Devops_Project.Devsecops2ApplicationTests]: Devsecops2ApplicationTests does not declare any static, non-private, non-final, nested classes annotated with @Configuration.
09:07:13.670 [Test worker] INFO org.springframework.boot.test.context.SpringBootTestContextBootstrapper -- Found @SpringBootConfiguration com.example.Devops_Project.DevopsProjectApplication for test class com.example.Devops_Project.Devsecops2ApplicationTests

  .   ____          _            __ _ _
 /\\ / ___'_ __ _ _(_)_ __  __ _ \ \ \ \
( ( )\___ | '_ | '_| | '_ \/ _` | \ \ \ \
 \\/  ___)| |_)| | | | | || (_| |  ) ) ) )
  '  |____| .__|_| |_|_| |_\__, | / / / /
 =========|_|==============|___/=/_/_/_/

 :: Spring Boot ::                (v3.4.4)

2025-03-28T09:07:13.802+01:00  INFO 18129 --- [Devops-Project] [    Test worker] c.e.D.Devsecops2ApplicationTests         : Starting Devsecops2ApplicationTests using Java 21.0.6 with PID 18129 (started by theocullier in /Users/theocullier/Desktop/Ecole/B2/S2/DEVOPS/Devops-Project 4)
2025-03-28T09:07:13.803+01:00  INFO 18129 --- [Devops-Project] [    Test worker] c.e.D.Devsecops2ApplicationTests         : No active profile set, falling back to 1 default profile: "default"
2025-03-28T09:07:14.155+01:00  INFO 18129 --- [Devops-Project] [    Test worker] c.e.D.Devsecops2ApplicationTests         : Started Devsecops2ApplicationTests in 0.438 seconds (process running for 0.844)
]]></system-out>
  <system-err><![CDATA[Mockito is currently self-attaching to enable the inline-mock-maker. This will no longer work in future releases of the JDK. Please add Mockito as an agent to your build what is described in Mockito's documentation: https://javadoc.io/doc/org.mockito/mockito-core/latest/org/mockito/Mockito.html#0.3
WARNING: A Java agent has been loaded dynamically (/Users/theocullier/.gradle/caches/modules-2/files-2.1/net.bytebuddy/byte-buddy-agent/1.15.11/a38b16385e867f59a641330f0362ebe742788ed8/byte-buddy-agent-1.15.11.jar)
WARNING: If a serviceability tool is in use, please run with -XX:+EnableDynamicAgentLoading to hide this warning
WARNING: If a serviceability tool is not in use, please run with -Djdk.instrument.traceUsage for more information
WARNING: Dynamic loading of agents will be disallowed by default in a future release
]]></system-err>
</testsuite>
